Start auto log messages stack - Iteration 14.	[MsgId: MMSG-10545]
Action.c(138):     \n
Action.c(138):     </body>\n
Action.c(138):     </html>
Action.c(138): Notify: Saving Parameter "flights_numbers =  5 ".	[MsgId: MMSG-13798]
Action.c(138): t=632147ms: 5-byte chunked response overhead for "http://localhost:1080/cgi-bin/itinerary.pl" (RelFrameId=, Internal ID=389)
Action.c(138):     0\r\n
Action.c(138):     \r\n
Action.c(138): Warning -26373: Parameter "flights_numbers" saved from a resource (URL="http://localhost:1080/cgi-bin/itinerary.pl")  	[MsgId: MWAR-26373]
Action.c(138): web_submit_form("web_submit_form") highest severity level was "warning", 8320 body bytes, 512 header bytes, 31 chunking overhead bytes  	[MsgId: MMSG-26387]
Action.c(148): Notify: Parameter Substitution: parameter "flights_numbers" =  " 5 "	[MsgId: MMSG-13992]
Action.c(150): Error: itinerary not delete	[MsgId: MERR-17999]
End auto log messages stack.	[MsgId: MMSG-10544]


Start auto log messages stack - Iteration 17.	[MsgId: MMSG-10545]
Action.c(138):     quote><form method="post" action="itinerary.pl" enctype="application/x-www-form-urlencoded
Action.c(138):     ">\n
Action.c(138):     <center><H3>No flights have been reserved.</H3></center>\n
Action.c(138):     </form>\n
Action.c(138):     \n
Action.c(138):     </center>\n
Action.c(138):     \n
Action.c(138):     </body>\n
Action.c(138):     </html>
Action.c(138): t=773201ms: 5-byte chunked response overhead for "http://localhost:1080/cgi-bin/itinerary.pl" (RelFrameId=, Internal ID=473)
Action.c(138):     0\r\n
Action.c(138):     \r\n
Action.c(138): Error -26377: No match found for the requested parameter "flights_numbers". Either the specified boundaries were not found in the response or the matched text is longer than current max html parameter size of 256 bytes. The total length of the response is 1774 bytes. You can use "web_set_max_html_param_len" to increase the max parameter size.  	[MsgId: MERR-26377]
End auto log messages stack.	[MsgId: MMSG-10544]


Start auto log messages stack - Iteration 18.	[MsgId: MMSG-10545]
Action.c(138):     quote><form method="post" action="itinerary.pl" enctype="application/x-www-form-urlencoded
Action.c(138):     ">\n
Action.c(138):     <center><H3>No flights have been reserved.</H3></center>\n
Action.c(138):     </form>\n
Action.c(138):     \n
Action.c(138):     </center>\n
Action.c(138):     \n
Action.c(138):     </body>\n
Action.c(138):     </html>
Action.c(138): t=820192ms: 5-byte chunked response overhead for "http://localhost:1080/cgi-bin/itinerary.pl" (RelFrameId=, Internal ID=498)
Action.c(138):     0\r\n
Action.c(138):     \r\n
Action.c(138): Error -26377: No match found for the requested parameter "flights_numbers". Either the specified boundaries were not found in the response or the matched text is longer than current max html parameter size of 256 bytes. The total length of the response is 1774 bytes. You can use "web_set_max_html_param_len" to increase the max parameter size.  	[MsgId: MERR-26377]
End auto log messages stack.	[MsgId: MMSG-10544]


Start auto log messages stack - Iteration 19.	[MsgId: MMSG-10545]
Action.c(138):     quote><form method="post" action="itinerary.pl" enctype="application/x-www-form-urlencoded
Action.c(138):     ">\n
Action.c(138):     <center><H3>No flights have been reserved.</H3></center>\n
Action.c(138):     </form>\n
Action.c(138):     \n
Action.c(138):     </center>\n
Action.c(138):     \n
Action.c(138):     </body>\n
Action.c(138):     </html>
Action.c(138): t=867153ms: 5-byte chunked response overhead for "http://localhost:1080/cgi-bin/itinerary.pl" (RelFrameId=, Internal ID=523)
Action.c(138):     0\r\n
Action.c(138):     \r\n
Action.c(138): Error -26377: No match found for the requested parameter "flights_numbers". Either the specified boundaries were not found in the response or the matched text is longer than current max html parameter size of 256 bytes. The total length of the response is 1774 bytes. You can use "web_set_max_html_param_len" to increase the max parameter size.  	[MsgId: MERR-26377]
End auto log messages stack.	[MsgId: MMSG-10544]


Start auto log messages stack - Iteration 20.	[MsgId: MMSG-10545]
Action.c(138):     quote><form method="post" action="itinerary.pl" enctype="application/x-www-form-urlencoded
Action.c(138):     ">\n
Action.c(138):     <center><H3>No flights have been reserved.</H3></center>\n
Action.c(138):     </form>\n
Action.c(138):     \n
Action.c(138):     </center>\n
Action.c(138):     \n
Action.c(138):     </body>\n
Action.c(138):     </html>
Action.c(138): t=914177ms: 5-byte chunked response overhead for "http://localhost:1080/cgi-bin/itinerary.pl" (RelFrameId=, Internal ID=548)
Action.c(138):     0\r\n
Action.c(138):     \r\n
Action.c(138): Error -26377: No match found for the requested parameter "flights_numbers". Either the specified boundaries were not found in the response or the matched text is longer than current max html parameter size of 256 bytes. The total length of the response is 1774 bytes. You can use "web_set_max_html_param_len" to increase the max parameter size.  	[MsgId: MERR-26377]
End auto log messages stack.	[MsgId: MMSG-10544]


Start auto log messages stack - Iteration 28.	[MsgId: MMSG-10545]
Action.c(111):     Accept-Ranges: bytes\r\n
Action.c(111):     Content-Length: 688\r\n
Action.c(111):     Keep-Alive: timeout=5, max=100\r\n
Action.c(111):     Connection: Keep-Alive\r\n
Action.c(111):     Content-Type: image/gif\r\n
Action.c(111):     \r\n
Action.c(111): t=1285205ms: 688-byte response body for "http://localhost:1080/WebTours/images/home.gif" (RelFrameId=, Internal ID=765)
Action.c(111): t=1285206ms: 5-byte chunked response overhead for "http://localhost:1080/cgi-bin/nav.pl?page=menu&in=itinerary" (RelFrameId=1.1, Internal ID=762)
Action.c(111):     0\r\n
Action.c(111):     \r\n
Action.c(111): Error -26377: No match found for the requested parameter "flights_id". Either the specified boundaries were not found in the response or the matched text is longer than current max html parameter size of 256 bytes. The total length of the response is 4381 bytes. You can use "web_set_max_html_param_len" to increase the max parameter size.  	[MsgId: MERR-26377]
End auto log messages stack.	[MsgId: MMSG-10544]


Start auto log messages stack - Iteration 29.	[MsgId: MMSG-10545]
Action.c(111):     quote><form method="post" action="itinerary.pl" enctype="application/x-www-form-urlencoded
Action.c(111):     ">\n
Action.c(111):     <center><H3>No flights have been reserved.</H3></center>\n
Action.c(111):     </form>\n
Action.c(111):     \n
Action.c(111):     </center>\n
Action.c(111):     \n
Action.c(111):     </body>\n
Action.c(111):     </html>
Action.c(111): t=1332295ms: 5-byte chunked response overhead for "http://localhost:1080/cgi-bin/itinerary.pl" (RelFrameId=1.2, Internal ID=784)
Action.c(111):     0\r\n
Action.c(111):     \r\n
Action.c(111): Error -26377: No match found for the requested parameter "flights_id". Either the specified boundaries were not found in the response or the matched text is longer than current max html parameter size of 256 bytes. The total length of the response is 4381 bytes. You can use "web_set_max_html_param_len" to increase the max parameter size.  	[MsgId: MERR-26377]
End auto log messages stack.	[MsgId: MMSG-10544]


