Start auto log messages stack - Iteration 7.	[MsgId: MMSG-10545]
Action.c(138):     quote><form method="post" action="itinerary.pl" enctype="application/x-www-form-urlencoded
Action.c(138):     ">\n
Action.c(138):     <center><H3>No flights have been reserved.</H3></center>\n
Action.c(138):     </form>\n
Action.c(138):     \n
Action.c(138):     </center>\n
Action.c(138):     \n
Action.c(138):     </body>\n
Action.c(138):     </html>
Action.c(138): t=146625ms: 5-byte chunked response overhead for "http://localhost:1080/cgi-bin/itinerary.pl" (RelFrameId=, Internal ID=193)
Action.c(138):     0\r\n
Action.c(138):     \r\n
Action.c(138): Error -26377: No match found for the requested parameter "flights_numbers". Either the specified boundaries were not found in the response or the matched text is longer than current max html parameter size of 256 bytes. The total length of the response is 1774 bytes. You can use "web_set_max_html_param_len" to increase the max parameter size.  	[MsgId: MERR-26377]
End auto log messages stack.	[MsgId: MMSG-10544]


Start auto log messages stack - Iteration 9.	[MsgId: MMSG-10545]
Action.c(111):     Accept-Ranges: bytes\r\n
Action.c(111):     Content-Length: 688\r\n
Action.c(111):     Keep-Alive: timeout=5, max=100\r\n
Action.c(111):     Connection: Keep-Alive\r\n
Action.c(111):     Content-Type: image/gif\r\n
Action.c(111):     \r\n
Action.c(111): t=177726ms: 688-byte response body for "http://localhost:1080/WebTours/images/home.gif" (RelFrameId=, Internal ID=242)
Action.c(111): t=177726ms: 5-byte chunked response overhead for "http://localhost:1080/cgi-bin/nav.pl?page=menu&in=itinerary" (RelFrameId=1.1, Internal ID=239)
Action.c(111):     0\r\n
Action.c(111):     \r\n
Action.c(111): Error -26377: No match found for the requested parameter "flights_id". Either the specified boundaries were not found in the response or the matched text is longer than current max html parameter size of 256 bytes. The total length of the response is 4381 bytes. You can use "web_set_max_html_param_len" to increase the max parameter size.  	[MsgId: MERR-26377]
End auto log messages stack.	[MsgId: MMSG-10544]


Start auto log messages stack - Iteration 10.	[MsgId: MMSG-10545]
Action.c(111):     quote><form method="post" action="itinerary.pl" enctype="application/x-www-form-urlencoded
Action.c(111):     ">\n
Action.c(111):     <center><H3>No flights have been reserved.</H3></center>\n
Action.c(111):     </form>\n
Action.c(111):     \n
Action.c(111):     </center>\n
Action.c(111):     \n
Action.c(111):     </body>\n
Action.c(111):     </html>
Action.c(111): t=188204ms: 5-byte chunked response overhead for "http://localhost:1080/cgi-bin/itinerary.pl" (RelFrameId=1.2, Internal ID=261)
Action.c(111):     0\r\n
Action.c(111):     \r\n
Action.c(111): Error -26377: No match found for the requested parameter "flights_id". Either the specified boundaries were not found in the response or the matched text is longer than current max html parameter size of 256 bytes. The total length of the response is 4381 bytes. You can use "web_set_max_html_param_len" to increase the max parameter size.  	[MsgId: MERR-26377]
End auto log messages stack.	[MsgId: MMSG-10544]


