Start auto log messages stack - Iteration 4.	[MsgId: MMSG-10545]
Action.c(138):     quote><form method="post" action="itinerary.pl" enctype="application/x-www-form-urlencoded
Action.c(138):     ">\n
Action.c(138):     <center><H3>No flights have been reserved.</H3></center>\n
Action.c(138):     </form>\n
Action.c(138):     \n
Action.c(138):     </center>\n
Action.c(138):     \n
Action.c(138):     </body>\n
Action.c(138):     </html>
Action.c(138): t=162536ms: 5-byte chunked response overhead for "http://localhost:1080/cgi-bin/itinerary.pl" (RelFrameId=, Internal ID=109)
Action.c(138):     0\r\n
Action.c(138):     \r\n
Action.c(138): Error -26377: No match found for the requested parameter "flights_numbers". Either the specified boundaries were not found in the response or the matched text is longer than current max html parameter size of 256 bytes. The total length of the response is 1774 bytes. You can use "web_set_max_html_param_len" to increase the max parameter size.  	[MsgId: MERR-26377]
End auto log messages stack.	[MsgId: MMSG-10544]


Start auto log messages stack - Iteration 5.	[MsgId: MMSG-10545]
Action.c(138):     quote><form method="post" action="itinerary.pl" enctype="application/x-www-form-urlencoded
Action.c(138):     ">\n
Action.c(138):     <center><H3>No flights have been reserved.</H3></center>\n
Action.c(138):     </form>\n
Action.c(138):     \n
Action.c(138):     </center>\n
Action.c(138):     \n
Action.c(138):     </body>\n
Action.c(138):     </html>
Action.c(138): t=209189ms: 5-byte chunked response overhead for "http://localhost:1080/cgi-bin/itinerary.pl" (RelFrameId=, Internal ID=134)
Action.c(138):     0\r\n
Action.c(138):     \r\n
Action.c(138): Error -26377: No match found for the requested parameter "flights_numbers". Either the specified boundaries were not found in the response or the matched text is longer than current max html parameter size of 256 bytes. The total length of the response is 1774 bytes. You can use "web_set_max_html_param_len" to increase the max parameter size.  	[MsgId: MERR-26377]
End auto log messages stack.	[MsgId: MMSG-10544]


Start auto log messages stack - Iteration 9.	[MsgId: MMSG-10545]
Action.c(111):     Date: Wed, 23 Sep 2020 11:14:03 GMT\r\n
Action.c(111):     Server: Apache/2.2.21 (Win32)\r\n
Action.c(111):     Last-Modified: Thu, 17 Sep 2020 21:10:31 GMT\r\n
Action.c(111):     ETag: "1000000040dd2-2b0-5af88d0748bf0"\r\n
Action.c(111):     Accept-Ranges: bytes\r\n
Action.c(111):     Content-Length: 688\r\n
Action.c(111):     Keep-Alive: timeout=5, max=99\r\n
Action.c(111):     Connection: Keep-Alive\r\n
Action.c(111):     Content-Type: image/gif\r\n
Action.c(111):     \r\n
Action.c(111): t=392082ms: 688-byte response body for "http://localhost:1080/WebTours/images/home.gif" (RelFrameId=, Internal ID=239)
Action.c(111): Error -26377: No match found for the requested parameter "flights_id". Either the specified boundaries were not found in the response or the matched text is longer than current max html parameter size of 256 bytes. The total length of the response is 4381 bytes. You can use "web_set_max_html_param_len" to increase the max parameter size.  	[MsgId: MERR-26377]
End auto log messages stack.	[MsgId: MMSG-10544]


Start auto log messages stack - Iteration 10.	[MsgId: MMSG-10545]
Action.c(111):     quote><form method="post" action="itinerary.pl" enctype="application/x-www-form-urlencoded
Action.c(111):     ">\n
Action.c(111):     <center><H3>No flights have been reserved.</H3></center>\n
Action.c(111):     </form>\n
Action.c(111):     \n
Action.c(111):     </center>\n
Action.c(111):     \n
Action.c(111):     </body>\n
Action.c(111):     </html>
Action.c(111): t=445227ms: 5-byte chunked response overhead for "http://localhost:1080/cgi-bin/itinerary.pl" (RelFrameId=1.2, Internal ID=258)
Action.c(111):     0\r\n
Action.c(111):     \r\n
Action.c(111): Error -26377: No match found for the requested parameter "flights_id". Either the specified boundaries were not found in the response or the matched text is longer than current max html parameter size of 256 bytes. The total length of the response is 4381 bytes. You can use "web_set_max_html_param_len" to increase the max parameter size.  	[MsgId: MERR-26377]
End auto log messages stack.	[MsgId: MMSG-10544]


Start auto log messages stack - Iteration 14.	[MsgId: MMSG-10545]
Action.c(111):     quote><form method="post" action="itinerary.pl" enctype="application/x-www-form-urlencoded
Action.c(111):     ">\n
Action.c(111):     <center><H3>No flights have been reserved.</H3></center>\n
Action.c(111):     </form>\n
Action.c(111):     \n
Action.c(111):     </center>\n
Action.c(111):     \n
Action.c(111):     </body>\n
Action.c(111):     </html>
Action.c(111): t=627115ms: 5-byte chunked response overhead for "http://localhost:1080/cgi-bin/itinerary.pl" (RelFrameId=1.2, Internal ID=363)
Action.c(111):     0\r\n
Action.c(111):     \r\n
Action.c(111): Error -26377: No match found for the requested parameter "flights_id". Either the specified boundaries were not found in the response or the matched text is longer than current max html parameter size of 256 bytes. The total length of the response is 4381 bytes. You can use "web_set_max_html_param_len" to increase the max parameter size.  	[MsgId: MERR-26377]
End auto log messages stack.	[MsgId: MMSG-10544]


Start auto log messages stack - Iteration 15.	[MsgId: MMSG-10545]
Action.c(111):     quote><form method="post" action="itinerary.pl" enctype="application/x-www-form-urlencoded
Action.c(111):     ">\n
Action.c(111):     <center><H3>No flights have been reserved.</H3></center>\n
Action.c(111):     </form>\n
Action.c(111):     \n
Action.c(111):     </center>\n
Action.c(111):     \n
Action.c(111):     </body>\n
Action.c(111):     </html>
Action.c(111): t=674153ms: 5-byte chunked response overhead for "http://localhost:1080/cgi-bin/itinerary.pl" (RelFrameId=1.2, Internal ID=384)
Action.c(111):     0\r\n
Action.c(111):     \r\n
Action.c(111): Error -26377: No match found for the requested parameter "flights_id". Either the specified boundaries were not found in the response or the matched text is longer than current max html parameter size of 256 bytes. The total length of the response is 4381 bytes. You can use "web_set_max_html_param_len" to increase the max parameter size.  	[MsgId: MERR-26377]
End auto log messages stack.	[MsgId: MMSG-10544]


Start auto log messages stack - Iteration 16.	[MsgId: MMSG-10545]
Action.c(138):     quote><form method="post" action="itinerary.pl" enctype="application/x-www-form-urlencoded
Action.c(138):     ">\n
Action.c(138):     <center><H3>No flights have been reserved.</H3></center>\n
Action.c(138):     </form>\n
Action.c(138):     \n
Action.c(138):     </center>\n
Action.c(138):     \n
Action.c(138):     </body>\n
Action.c(138):     </html>
Action.c(138): t=726902ms: 5-byte chunked response overhead for "http://localhost:1080/cgi-bin/itinerary.pl" (RelFrameId=, Internal ID=411)
Action.c(138):     0\r\n
Action.c(138):     \r\n
Action.c(138): Error -26377: No match found for the requested parameter "flights_numbers". Either the specified boundaries were not found in the response or the matched text is longer than current max html parameter size of 256 bytes. The total length of the response is 1774 bytes. You can use "web_set_max_html_param_len" to increase the max parameter size.  	[MsgId: MERR-26377]
End auto log messages stack.	[MsgId: MMSG-10544]


Start auto log messages stack - Iteration 19.	[MsgId: MMSG-10545]
Action.c(111):     quote><form method="post" action="itinerary.pl" enctype="application/x-www-form-urlencoded
Action.c(111):     ">\n
Action.c(111):     <center><H3>No flights have been reserved.</H3></center>\n
Action.c(111):     </form>\n
Action.c(111):     \n
Action.c(111):     </center>\n
Action.c(111):     \n
Action.c(111):     </body>\n
Action.c(111):     </html>
Action.c(111): t=862153ms: 5-byte chunked response overhead for "http://localhost:1080/cgi-bin/itinerary.pl" (RelFrameId=1.2, Internal ID=486)
Action.c(111):     0\r\n
Action.c(111):     \r\n
Action.c(111): Error -26377: No match found for the requested parameter "flights_id". Either the specified boundaries were not found in the response or the matched text is longer than current max html parameter size of 256 bytes. The total length of the response is 4381 bytes. You can use "web_set_max_html_param_len" to increase the max parameter size.  	[MsgId: MERR-26377]
End auto log messages stack.	[MsgId: MMSG-10544]


Start auto log messages stack - Iteration 20.	[MsgId: MMSG-10545]
Action.c(111):     quote><form method="post" action="itinerary.pl" enctype="application/x-www-form-urlencoded
Action.c(111):     ">\n
Action.c(111):     <center><H3>No flights have been reserved.</H3></center>\n
Action.c(111):     </form>\n
Action.c(111):     \n
Action.c(111):     </center>\n
Action.c(111):     \n
Action.c(111):     </body>\n
Action.c(111):     </html>
Action.c(111): t=909198ms: 5-byte chunked response overhead for "http://localhost:1080/cgi-bin/itinerary.pl" (RelFrameId=1.2, Internal ID=507)
Action.c(111):     0\r\n
Action.c(111):     \r\n
Action.c(111): Error -26377: No match found for the requested parameter "flights_id". Either the specified boundaries were not found in the response or the matched text is longer than current max html parameter size of 256 bytes. The total length of the response is 4381 bytes. You can use "web_set_max_html_param_len" to increase the max parameter size.  	[MsgId: MERR-26377]
End auto log messages stack.	[MsgId: MMSG-10544]


Start auto log messages stack - Iteration 28.	[MsgId: MMSG-10545]
Action.c(138):     quote><form method="post" action="itinerary.pl" enctype="application/x-www-form-urlencoded
Action.c(138):     ">\n
Action.c(138):     <center><H3>No flights have been reserved.</H3></center>\n
Action.c(138):     </form>\n
Action.c(138):     \n
Action.c(138):     </center>\n
Action.c(138):     \n
Action.c(138):     </body>\n
Action.c(138):     </html>
Action.c(138): t=1290984ms: 5-byte chunked response overhead for "http://localhost:1080/cgi-bin/itinerary.pl" (RelFrameId=, Internal ID=730)
Action.c(138):     0\r\n
Action.c(138):     \r\n
Action.c(138): Error -26377: No match found for the requested parameter "flights_numbers". Either the specified boundaries were not found in the response or the matched text is longer than current max html parameter size of 256 bytes. The total length of the response is 1774 bytes. You can use "web_set_max_html_param_len" to increase the max parameter size.  	[MsgId: MERR-26377]
End auto log messages stack.	[MsgId: MMSG-10544]


Start auto log messages stack - Iteration 29.	[MsgId: MMSG-10545]
Action.c(111):     Date: Wed, 23 Sep 2020 11:29:43 GMT\r\n
Action.c(111):     Server: Apache/2.2.21 (Win32)\r\n
Action.c(111):     Last-Modified: Thu, 17 Sep 2020 21:10:31 GMT\r\n
Action.c(111):     ETag: "1000000040dd2-2b0-5af88d0748bf0"\r\n
Action.c(111):     Accept-Ranges: bytes\r\n
Action.c(111):     Content-Length: 688\r\n
Action.c(111):     Keep-Alive: timeout=5, max=99\r\n
Action.c(111):     Connection: Keep-Alive\r\n
Action.c(111):     Content-Type: image/gif\r\n
Action.c(111):     \r\n
Action.c(111): t=1332245ms: 688-byte response body for "http://localhost:1080/WebTours/images/home.gif" (RelFrameId=, Internal ID=751)
Action.c(111): Error -26377: No match found for the requested parameter "flights_id". Either the specified boundaries were not found in the response or the matched text is longer than current max html parameter size of 256 bytes. The total length of the response is 4381 bytes. You can use "web_set_max_html_param_len" to increase the max parameter size.  	[MsgId: MERR-26377]
End auto log messages stack.	[MsgId: MMSG-10544]


