Start auto log messages stack - Iteration 3.	[MsgId: MMSG-10545]
Action.c(121):     Connection: Keep-Alive\r\n
Action.c(121):     Content-Type: image/gif\r\n
Action.c(121):     \r\n
Action.c(121): t=57408ms: 733-byte response body for "http://localhost:1080/WebTours/images/in_itinerary.gif" (RelFrameId=, Internal ID=76)
Action.c(121): t=57408ms: 5-byte chunked response overhead for "http://localhost:1080/cgi-bin/itinerary.pl" (RelFrameId=1.2, Internal ID=75)
Action.c(121):     0\r\n
Action.c(121):     \r\n
Action.c(121): t=57408ms: 5-byte chunked response overhead for "http://localhost:1080/cgi-bin/nav.pl?page=menu&in=itinerary" (RelFrameId=1.1, Internal ID=74)
Action.c(121):     0\r\n
Action.c(121):     \r\n
Action.c(121): Error -26377: No match found for the requested parameter "fligh_id". Either the specified boundaries were not found in the response or the matched text is longer than current max html parameter size of 256 bytes. The total length of the response is 4381 bytes. You can use "web_set_max_html_param_len" to increase the max parameter size.  	[MsgId: MERR-26377]
End auto log messages stack.	[MsgId: MMSG-10544]


Start auto log messages stack - Iteration 4.	[MsgId: MMSG-10545]
Action.c(121):     quote><form method="post" action="itinerary.pl" enctype="application/x-www-form-urlencoded
Action.c(121):     ">\n
Action.c(121):     <center><H3>No flights have been reserved.</H3></center>\n
Action.c(121):     </form>\n
Action.c(121):     \n
Action.c(121):     </center>\n
Action.c(121):     \n
Action.c(121):     </body>\n
Action.c(121):     </html>
Action.c(121): t=67800ms: 5-byte chunked response overhead for "http://localhost:1080/cgi-bin/itinerary.pl" (RelFrameId=1.2, Internal ID=96)
Action.c(121):     0\r\n
Action.c(121):     \r\n
Action.c(121): Error -26377: No match found for the requested parameter "fligh_id". Either the specified boundaries were not found in the response or the matched text is longer than current max html parameter size of 256 bytes. The total length of the response is 4381 bytes. You can use "web_set_max_html_param_len" to increase the max parameter size.  	[MsgId: MERR-26377]
End auto log messages stack.	[MsgId: MMSG-10544]


Start auto log messages stack - Iteration 5.	[MsgId: MMSG-10545]
Action.c(121):     Connection: Keep-Alive\r\n
Action.c(121):     Content-Type: image/gif\r\n
Action.c(121):     \r\n
Action.c(121): t=78112ms: 688-byte response body for "http://localhost:1080/WebTours/images/home.gif" (RelFrameId=, Internal ID=119)
Action.c(121): t=78112ms: 5-byte chunked response overhead for "http://localhost:1080/cgi-bin/nav.pl?page=menu&in=itinerary" (RelFrameId=1.1, Internal ID=116)
Action.c(121):     0\r\n
Action.c(121):     \r\n
Action.c(121): t=78114ms: 5-byte chunked response overhead for "http://localhost:1080/cgi-bin/itinerary.pl" (RelFrameId=1.2, Internal ID=117)
Action.c(121):     0\r\n
Action.c(121):     \r\n
Action.c(121): Error -26377: No match found for the requested parameter "fligh_id". Either the specified boundaries were not found in the response or the matched text is longer than current max html parameter size of 256 bytes. The total length of the response is 4381 bytes. You can use "web_set_max_html_param_len" to increase the max parameter size.  	[MsgId: MERR-26377]
End auto log messages stack.	[MsgId: MMSG-10544]


Start auto log messages stack - Iteration 6.	[MsgId: MMSG-10545]
Action.c(121):     quote><form method="post" action="itinerary.pl" enctype="application/x-www-form-urlencoded
Action.c(121):     ">\n
Action.c(121):     <center><H3>No flights have been reserved.</H3></center>\n
Action.c(121):     </form>\n
Action.c(121):     \n
Action.c(121):     </center>\n
Action.c(121):     \n
Action.c(121):     </body>\n
Action.c(121):     </html>
Action.c(121): t=88441ms: 5-byte chunked response overhead for "http://localhost:1080/cgi-bin/itinerary.pl" (RelFrameId=1.2, Internal ID=138)
Action.c(121):     0\r\n
Action.c(121):     \r\n
Action.c(121): Error -26377: No match found for the requested parameter "fligh_id". Either the specified boundaries were not found in the response or the matched text is longer than current max html parameter size of 256 bytes. The total length of the response is 4381 bytes. You can use "web_set_max_html_param_len" to increase the max parameter size.  	[MsgId: MERR-26377]
End auto log messages stack.	[MsgId: MMSG-10544]


Start auto log messages stack - Iteration 7.	[MsgId: MMSG-10545]
Action.c(121):     Accept-Ranges: bytes\r\n
Action.c(121):     Content-Length: 733\r\n
Action.c(121):     Keep-Alive: timeout=5, max=99\r\n
Action.c(121):     Connection: Keep-Alive\r\n
Action.c(121):     Content-Type: image/gif\r\n
Action.c(121):     \r\n
Action.c(121): t=98780ms: 733-byte response body for "http://localhost:1080/WebTours/images/in_itinerary.gif" (RelFrameId=, Internal ID=160)
Action.c(121): t=98783ms: 5-byte chunked response overhead for "http://localhost:1080/cgi-bin/itinerary.pl" (RelFrameId=1.2, Internal ID=159)
Action.c(121):     0\r\n
Action.c(121):     \r\n
Action.c(121): Error -26377: No match found for the requested parameter "fligh_id". Either the specified boundaries were not found in the response or the matched text is longer than current max html parameter size of 256 bytes. The total length of the response is 4381 bytes. You can use "web_set_max_html_param_len" to increase the max parameter size.  	[MsgId: MERR-26377]
End auto log messages stack.	[MsgId: MMSG-10544]


Start auto log messages stack - Iteration 8.	[MsgId: MMSG-10545]
Action.c(121):     quote><form method="post" action="itinerary.pl" enctype="application/x-www-form-urlencoded
Action.c(121):     ">\n
Action.c(121):     <center><H3>No flights have been reserved.</H3></center>\n
Action.c(121):     </form>\n
Action.c(121):     \n
Action.c(121):     </center>\n
Action.c(121):     \n
Action.c(121):     </body>\n
Action.c(121):     </html>
Action.c(121): t=109237ms: 5-byte chunked response overhead for "http://localhost:1080/cgi-bin/itinerary.pl" (RelFrameId=1.2, Internal ID=180)
Action.c(121):     0\r\n
Action.c(121):     \r\n
Action.c(121): Error -26377: No match found for the requested parameter "fligh_id". Either the specified boundaries were not found in the response or the matched text is longer than current max html parameter size of 256 bytes. The total length of the response is 4381 bytes. You can use "web_set_max_html_param_len" to increase the max parameter size.  	[MsgId: MERR-26377]
End auto log messages stack.	[MsgId: MMSG-10544]


Start auto log messages stack - Iteration 9.	[MsgId: MMSG-10545]
Action.c(121):     Server: Apache/2.2.21 (Win32)\r\n
Action.c(121):     Last-Modified: Thu, 17 Sep 2020 21:10:31 GMT\r\n
Action.c(121):     ETag: "1000000040dd6-2dd-5af88d0772b4f"\r\n
Action.c(121):     Accept-Ranges: bytes\r\n
Action.c(121):     Content-Length: 733\r\n
Action.c(121):     Keep-Alive: timeout=5, max=99\r\n
Action.c(121):     Connection: Keep-Alive\r\n
Action.c(121):     Content-Type: image/gif\r\n
Action.c(121):     \r\n
Action.c(121): t=119576ms: 733-byte response body for "http://localhost:1080/WebTours/images/in_itinerary.gif" (RelFrameId=, Internal ID=202)
Action.c(121): Error -26377: No match found for the requested parameter "fligh_id". Either the specified boundaries were not found in the response or the matched text is longer than current max html parameter size of 256 bytes. The total length of the response is 4381 bytes. You can use "web_set_max_html_param_len" to increase the max parameter size.  	[MsgId: MERR-26377]
End auto log messages stack.	[MsgId: MMSG-10544]


Start auto log messages stack - Iteration 10.	[MsgId: MMSG-10545]
Action.c(121):     quote><form method="post" action="itinerary.pl" enctype="application/x-www-form-urlencoded
Action.c(121):     ">\n
Action.c(121):     <center><H3>No flights have been reserved.</H3></center>\n
Action.c(121):     </form>\n
Action.c(121):     \n
Action.c(121):     </center>\n
Action.c(121):     \n
Action.c(121):     </body>\n
Action.c(121):     </html>
Action.c(121): t=129910ms: 5-byte chunked response overhead for "http://localhost:1080/cgi-bin/itinerary.pl" (RelFrameId=1.2, Internal ID=222)
Action.c(121):     0\r\n
Action.c(121):     \r\n
Action.c(121): Error -26377: No match found for the requested parameter "fligh_id". Either the specified boundaries were not found in the response or the matched text is longer than current max html parameter size of 256 bytes. The total length of the response is 4381 bytes. You can use "web_set_max_html_param_len" to increase the max parameter size.  	[MsgId: MERR-26377]
End auto log messages stack.	[MsgId: MMSG-10544]


Start auto log messages stack - Iteration 17.	[MsgId: MMSG-10545]
Action.c(121):     Server: Apache/2.2.21 (Win32)\r\n
Action.c(121):     Last-Modified: Thu, 17 Sep 2020 21:10:31 GMT\r\n
Action.c(121):     ETag: "1000000040dd6-2dd-5af88d0772b4f"\r\n
Action.c(121):     Accept-Ranges: bytes\r\n
Action.c(121):     Content-Length: 733\r\n
Action.c(121):     Keep-Alive: timeout=5, max=99\r\n
Action.c(121):     Connection: Keep-Alive\r\n
Action.c(121):     Content-Type: image/gif\r\n
Action.c(121):     \r\n
Action.c(121): t=263951ms: 733-byte response body for "http://localhost:1080/WebTours/images/in_itinerary.gif" (RelFrameId=, Internal ID=412)
Action.c(121): Error -26377: No match found for the requested parameter "fligh_id". Either the specified boundaries were not found in the response or the matched text is longer than current max html parameter size of 256 bytes. The total length of the response is 4381 bytes. You can use "web_set_max_html_param_len" to increase the max parameter size.  	[MsgId: MERR-26377]
End auto log messages stack.	[MsgId: MMSG-10544]


Start auto log messages stack - Iteration 18.	[MsgId: MMSG-10545]
Action.c(121):     Connection: Keep-Alive\r\n
Action.c(121):     Content-Type: image/gif\r\n
Action.c(121):     \r\n
Action.c(121): t=274319ms: 733-byte response body for "http://localhost:1080/WebTours/images/in_itinerary.gif" (RelFrameId=, Internal ID=433)
Action.c(121): t=274320ms: 5-byte chunked response overhead for "http://localhost:1080/cgi-bin/nav.pl?page=menu&in=itinerary" (RelFrameId=1.1, Internal ID=431)
Action.c(121):     0\r\n
Action.c(121):     \r\n
Action.c(121): t=274321ms: 5-byte chunked response overhead for "http://localhost:1080/cgi-bin/itinerary.pl" (RelFrameId=1.2, Internal ID=432)
Action.c(121):     0\r\n
Action.c(121):     \r\n
Action.c(121): Error -26377: No match found for the requested parameter "fligh_id". Either the specified boundaries were not found in the response or the matched text is longer than current max html parameter size of 256 bytes. The total length of the response is 4381 bytes. You can use "web_set_max_html_param_len" to increase the max parameter size.  	[MsgId: MERR-26377]
End auto log messages stack.	[MsgId: MMSG-10544]


Start auto log messages stack - Iteration 19.	[MsgId: MMSG-10545]
Action.c(121):     Server: Apache/2.2.21 (Win32)\r\n
Action.c(121):     Last-Modified: Thu, 17 Sep 2020 21:10:31 GMT\r\n
Action.c(121):     ETag: "1000000040dd6-2dd-5af88d0772b4f"\r\n
Action.c(121):     Accept-Ranges: bytes\r\n
Action.c(121):     Content-Length: 733\r\n
Action.c(121):     Keep-Alive: timeout=5, max=99\r\n
Action.c(121):     Connection: Keep-Alive\r\n
Action.c(121):     Content-Type: image/gif\r\n
Action.c(121):     \r\n
Action.c(121): t=284646ms: 733-byte response body for "http://localhost:1080/WebTours/images/in_itinerary.gif" (RelFrameId=, Internal ID=454)
Action.c(121): Error -26377: No match found for the requested parameter "fligh_id". Either the specified boundaries were not found in the response or the matched text is longer than current max html parameter size of 256 bytes. The total length of the response is 4381 bytes. You can use "web_set_max_html_param_len" to increase the max parameter size.  	[MsgId: MERR-26377]
End auto log messages stack.	[MsgId: MMSG-10544]


Start auto log messages stack - Iteration 20.	[MsgId: MMSG-10545]
Action.c(121):     quote><form method="post" action="itinerary.pl" enctype="application/x-www-form-urlencoded
Action.c(121):     ">\n
Action.c(121):     <center><H3>No flights have been reserved.</H3></center>\n
Action.c(121):     </form>\n
Action.c(121):     \n
Action.c(121):     </center>\n
Action.c(121):     \n
Action.c(121):     </body>\n
Action.c(121):     </html>
Action.c(121): t=294963ms: 5-byte chunked response overhead for "http://localhost:1080/cgi-bin/itinerary.pl" (RelFrameId=1.2, Internal ID=474)
Action.c(121):     0\r\n
Action.c(121):     \r\n
Action.c(121): Error -26377: No match found for the requested parameter "fligh_id". Either the specified boundaries were not found in the response or the matched text is longer than current max html parameter size of 256 bytes. The total length of the response is 4381 bytes. You can use "web_set_max_html_param_len" to increase the max parameter size.  	[MsgId: MERR-26377]
End auto log messages stack.	[MsgId: MMSG-10544]


