Start auto log messages stack - Iteration 3.	[MsgId: MMSG-10545]
Action.c(138):     quote><form method="post" action="itinerary.pl" enctype="application/x-www-form-urlencoded
Action.c(138):     ">\n
Action.c(138):     <center><H3>No flights have been reserved.</H3></center>\n
Action.c(138):     </form>\n
Action.c(138):     \n
Action.c(138):     </center>\n
Action.c(138):     \n
Action.c(138):     </body>\n
Action.c(138):     </html>
Action.c(138): t=115055ms: 5-byte chunked response overhead for "http://localhost:1080/cgi-bin/itinerary.pl" (RelFrameId=, Internal ID=81)
Action.c(138):     0\r\n
Action.c(138):     \r\n
Action.c(138): Error -26377: No match found for the requested parameter "flights_numbers". Either the specified boundaries were not found in the response or the matched text is longer than current max html parameter size of 256 bytes. The total length of the response is 1774 bytes. You can use "web_set_max_html_param_len" to increase the max parameter size.  	[MsgId: MERR-26377]
End auto log messages stack.	[MsgId: MMSG-10544]


Start auto log messages stack - Iteration 4.	[MsgId: MMSG-10545]
Action.c(138):     quote><form method="post" action="itinerary.pl" enctype="application/x-www-form-urlencoded
Action.c(138):     ">\n
Action.c(138):     <center><H3>No flights have been reserved.</H3></center>\n
Action.c(138):     </form>\n
Action.c(138):     \n
Action.c(138):     </center>\n
Action.c(138):     \n
Action.c(138):     </body>\n
Action.c(138):     </html>
Action.c(138): t=162059ms: 5-byte chunked response overhead for "http://localhost:1080/cgi-bin/itinerary.pl" (RelFrameId=, Internal ID=106)
Action.c(138):     0\r\n
Action.c(138):     \r\n
Action.c(138): Error -26377: No match found for the requested parameter "flights_numbers". Either the specified boundaries were not found in the response or the matched text is longer than current max html parameter size of 256 bytes. The total length of the response is 1774 bytes. You can use "web_set_max_html_param_len" to increase the max parameter size.  	[MsgId: MERR-26377]
End auto log messages stack.	[MsgId: MMSG-10544]


Start auto log messages stack - Iteration 5.	[MsgId: MMSG-10545]
Action.c(138):     quote><form method="post" action="itinerary.pl" enctype="application/x-www-form-urlencoded
Action.c(138):     ">\n
Action.c(138):     <center><H3>No flights have been reserved.</H3></center>\n
Action.c(138):     </form>\n
Action.c(138):     \n
Action.c(138):     </center>\n
Action.c(138):     \n
Action.c(138):     </body>\n
Action.c(138):     </html>
Action.c(138): t=209029ms: 5-byte chunked response overhead for "http://localhost:1080/cgi-bin/itinerary.pl" (RelFrameId=, Internal ID=131)
Action.c(138):     0\r\n
Action.c(138):     \r\n
Action.c(138): Error -26377: No match found for the requested parameter "flights_numbers". Either the specified boundaries were not found in the response or the matched text is longer than current max html parameter size of 256 bytes. The total length of the response is 1774 bytes. You can use "web_set_max_html_param_len" to increase the max parameter size.  	[MsgId: MERR-26377]
End auto log messages stack.	[MsgId: MMSG-10544]


Start auto log messages stack - Iteration 6.	[MsgId: MMSG-10545]
Action.c(138):     quote><form method="post" action="itinerary.pl" enctype="application/x-www-form-urlencoded
Action.c(138):     ">\n
Action.c(138):     <center><H3>No flights have been reserved.</H3></center>\n
Action.c(138):     </form>\n
Action.c(138):     \n
Action.c(138):     </center>\n
Action.c(138):     \n
Action.c(138):     </body>\n
Action.c(138):     </html>
Action.c(138): t=256039ms: 5-byte chunked response overhead for "http://localhost:1080/cgi-bin/itinerary.pl" (RelFrameId=, Internal ID=156)
Action.c(138):     0\r\n
Action.c(138):     \r\n
Action.c(138): Error -26377: No match found for the requested parameter "flights_numbers". Either the specified boundaries were not found in the response or the matched text is longer than current max html parameter size of 256 bytes. The total length of the response is 1774 bytes. You can use "web_set_max_html_param_len" to increase the max parameter size.  	[MsgId: MERR-26377]
End auto log messages stack.	[MsgId: MMSG-10544]


Start auto log messages stack - Iteration 9.	[MsgId: MMSG-10545]
Action.c(111):     Accept-Ranges: bytes\r\n
Action.c(111):     Content-Length: 733\r\n
Action.c(111):     Keep-Alive: timeout=5, max=99\r\n
Action.c(111):     Connection: Keep-Alive\r\n
Action.c(111):     Content-Type: image/gif\r\n
Action.c(111):     \r\n
Action.c(111): t=391894ms: 733-byte response body for "http://localhost:1080/WebTours/images/in_itinerary.gif" (RelFrameId=, Internal ID=232)
Action.c(111): t=391895ms: 5-byte chunked response overhead for "http://localhost:1080/cgi-bin/itinerary.pl" (RelFrameId=1.2, Internal ID=231)
Action.c(111):     0\r\n
Action.c(111):     \r\n
Action.c(111): Error -26377: No match found for the requested parameter "flights_id". Either the specified boundaries were not found in the response or the matched text is longer than current max html parameter size of 256 bytes. The total length of the response is 4381 bytes. You can use "web_set_max_html_param_len" to increase the max parameter size.  	[MsgId: MERR-26377]
End auto log messages stack.	[MsgId: MMSG-10544]


Start auto log messages stack - Iteration 10.	[MsgId: MMSG-10545]
Action.c(111):     Accept-Ranges: bytes\r\n
Action.c(111):     Content-Length: 733\r\n
Action.c(111):     Keep-Alive: timeout=5, max=99\r\n
Action.c(111):     Connection: Keep-Alive\r\n
Action.c(111):     Content-Type: image/gif\r\n
Action.c(111):     \r\n
Action.c(111): t=438964ms: 733-byte response body for "http://localhost:1080/WebTours/images/in_itinerary.gif" (RelFrameId=, Internal ID=253)
Action.c(111): t=438966ms: 5-byte chunked response overhead for "http://localhost:1080/cgi-bin/itinerary.pl" (RelFrameId=1.2, Internal ID=252)
Action.c(111):     0\r\n
Action.c(111):     \r\n
Action.c(111): Error -26377: No match found for the requested parameter "flights_id". Either the specified boundaries were not found in the response or the matched text is longer than current max html parameter size of 256 bytes. The total length of the response is 4381 bytes. You can use "web_set_max_html_param_len" to increase the max parameter size.  	[MsgId: MERR-26377]
End auto log messages stack.	[MsgId: MMSG-10544]


Start auto log messages stack - Iteration 15.	[MsgId: MMSG-10545]
Action.c(111):     Server: Apache/2.2.21 (Win32)\r\n
Action.c(111):     Last-Modified: Thu, 17 Sep 2020 21:10:31 GMT\r\n
Action.c(111):     ETag: "1000000040dd6-2dd-5af88d0772b4f"\r\n
Action.c(111):     Accept-Ranges: bytes\r\n
Action.c(111):     Content-Length: 733\r\n
Action.c(111):     Keep-Alive: timeout=5, max=99\r\n
Action.c(111):     Connection: Keep-Alive\r\n
Action.c(111):     Content-Type: image/gif\r\n
Action.c(111):     \r\n
Action.c(111): t=673950ms: 733-byte response body for "http://localhost:1080/WebTours/images/in_itinerary.gif" (RelFrameId=, Internal ID=386)
Action.c(111): Error -26377: No match found for the requested parameter "flights_id". Either the specified boundaries were not found in the response or the matched text is longer than current max html parameter size of 256 bytes. The total length of the response is 4381 bytes. You can use "web_set_max_html_param_len" to increase the max parameter size.  	[MsgId: MERR-26377]
End auto log messages stack.	[MsgId: MMSG-10544]


Start auto log messages stack - Iteration 16.	[MsgId: MMSG-10545]
Action.c(111):     Server: Apache/2.2.21 (Win32)\r\n
Action.c(111):     Last-Modified: Thu, 17 Sep 2020 21:10:31 GMT\r\n
Action.c(111):     ETag: "1000000040dd6-2dd-5af88d0772b4f"\r\n
Action.c(111):     Accept-Ranges: bytes\r\n
Action.c(111):     Content-Length: 733\r\n
Action.c(111):     Keep-Alive: timeout=5, max=99\r\n
Action.c(111):     Connection: Keep-Alive\r\n
Action.c(111):     Content-Type: image/gif\r\n
Action.c(111):     \r\n
Action.c(111): t=720969ms: 733-byte response body for "http://localhost:1080/WebTours/images/in_itinerary.gif" (RelFrameId=, Internal ID=407)
Action.c(111): Error -26377: No match found for the requested parameter "flights_id". Either the specified boundaries were not found in the response or the matched text is longer than current max html parameter size of 256 bytes. The total length of the response is 4381 bytes. You can use "web_set_max_html_param_len" to increase the max parameter size.  	[MsgId: MERR-26377]
End auto log messages stack.	[MsgId: MMSG-10544]


Start auto log messages stack - Iteration 17.	[MsgId: MMSG-10545]
Action.c(138):     quote><form method="post" action="itinerary.pl" enctype="application/x-www-form-urlencoded
Action.c(138):     ">\n
Action.c(138):     <center><H3>No flights have been reserved.</H3></center>\n
Action.c(138):     </form>\n
Action.c(138):     \n
Action.c(138):     </center>\n
Action.c(138):     \n
Action.c(138):     </body>\n
Action.c(138):     </html>
Action.c(138): t=773207ms: 5-byte chunked response overhead for "http://localhost:1080/cgi-bin/itinerary.pl" (RelFrameId=, Internal ID=433)
Action.c(138):     0\r\n
Action.c(138):     \r\n
Action.c(138): Error -26377: No match found for the requested parameter "flights_numbers". Either the specified boundaries were not found in the response or the matched text is longer than current max html parameter size of 256 bytes. The total length of the response is 1774 bytes. You can use "web_set_max_html_param_len" to increase the max parameter size.  	[MsgId: MERR-26377]
End auto log messages stack.	[MsgId: MMSG-10544]


Start auto log messages stack - Iteration 18.	[MsgId: MMSG-10545]
Action.c(138):     quote><form method="post" action="itinerary.pl" enctype="application/x-www-form-urlencoded
Action.c(138):     ">\n
Action.c(138):     <center><H3>No flights have been reserved.</H3></center>\n
Action.c(138):     </form>\n
Action.c(138):     \n
Action.c(138):     </center>\n
Action.c(138):     \n
Action.c(138):     </body>\n
Action.c(138):     </html>
Action.c(138): t=820185ms: 5-byte chunked response overhead for "http://localhost:1080/cgi-bin/itinerary.pl" (RelFrameId=, Internal ID=458)
Action.c(138):     0\r\n
Action.c(138):     \r\n
Action.c(138): Error -26377: No match found for the requested parameter "flights_numbers". Either the specified boundaries were not found in the response or the matched text is longer than current max html parameter size of 256 bytes. The total length of the response is 1774 bytes. You can use "web_set_max_html_param_len" to increase the max parameter size.  	[MsgId: MERR-26377]
End auto log messages stack.	[MsgId: MMSG-10544]


