Start auto log messages stack - Iteration 6.	[MsgId: MMSG-10545]
Action.c(105):     <p>The server encountered an internal error or\n
Action.c(105):     misconfiguration and was unable to complete\n
Action.c(105):     your request.</p>\n
Action.c(105):     <p>Please contact the server administrator,\n
Action.c(105):      admin@localhost and inform them of the time the error occurred,\n
Action.c(105):     and anything you might have done that may have\n
Action.c(105):     caused the error.</p>\n
Action.c(105):     <p>More information about this error may be available\n
Action.c(105):     in the server error log.</p>\n
Action.c(105):     </body></html>\n
Action.c(105): Error -26612: HTTP Status-Code=500 (Internal Server Error) for "http://localhost:1080/cgi-bin/nav.pl?page=menu&in=flights"  	[MsgId: MERR-26612]
End auto log messages stack.	[MsgId: MMSG-10544]


Start auto log messages stack - Iteration 9.	[MsgId: MMSG-10545]
Action.c(219):     Accept-Ranges: bytes\r\n
Action.c(219):     Content-Length: 806\r\n
Action.c(219):     Keep-Alive: timeout=5, max=100\r\n
Action.c(219):     Connection: Keep-Alive\r\n
Action.c(219):     Content-Type: image/gif\r\n
Action.c(219):     \r\n
Action.c(219): t=330974ms: 806-byte response body for "http://localhost:1080/WebTours/images/bookanother.gif" (RelFrameId=, Internal ID=291)
Action.c(219): t=330975ms: 5-byte chunked response overhead for "http://localhost:1080/cgi-bin/reservations.pl" (RelFrameId=1, Internal ID=290)
Action.c(219):     0\r\n
Action.c(219):     \r\n
Action.c(219): Error -26366: "Text=8am : Flight 00 leaves Denver  for Zuirch" not found for web_reg_find  	[MsgId: MERR-26366]
End auto log messages stack.	[MsgId: MMSG-10544]


Start auto log messages stack - Iteration 9.	[MsgId: MMSG-10545]
Action.c(219):     Accept-Ranges: bytes\r\n
Action.c(219):     Content-Length: 806\r\n
Action.c(219):     Keep-Alive: timeout=5, max=100\r\n
Action.c(219):     Connection: Keep-Alive\r\n
Action.c(219):     Content-Type: image/gif\r\n
Action.c(219):     \r\n
Action.c(219): t=353373ms: 806-byte response body for "http://localhost:1080/WebTours/images/bookanother.gif" (RelFrameId=, Internal ID=306)
Action.c(219): t=353375ms: 5-byte chunked response overhead for "http://localhost:1080/cgi-bin/reservations.pl" (RelFrameId=1, Internal ID=305)
Action.c(219):     0\r\n
Action.c(219):     \r\n
Action.c(219): Error -26366: "Text=8am : Flight 00 leaves Denver  for Zuirch" not found for web_reg_find  	[MsgId: MERR-26366]
End auto log messages stack.	[MsgId: MMSG-10544]


Start auto log messages stack - Iteration 9.	[MsgId: MMSG-10545]
Action.c(219):     Accept-Ranges: bytes\r\n
Action.c(219):     Content-Length: 806\r\n
Action.c(219):     Keep-Alive: timeout=5, max=100\r\n
Action.c(219):     Connection: Keep-Alive\r\n
Action.c(219):     Content-Type: image/gif\r\n
Action.c(219):     \r\n
Action.c(219): t=356393ms: 806-byte response body for "http://localhost:1080/WebTours/images/bookanother.gif" (RelFrameId=, Internal ID=306)
Action.c(219): t=356395ms: 5-byte chunked response overhead for "http://localhost:1080/cgi-bin/reservations.pl" (RelFrameId=1, Internal ID=305)
Action.c(219):     0\r\n
Action.c(219):     \r\n
Action.c(219): Error -26366: "Text=8am : Flight 00 leaves Denver  for Zuirch" not found for web_reg_find  	[MsgId: MERR-26366]
End auto log messages stack.	[MsgId: MMSG-10544]


