Start auto log messages stack - Iteration 9.	[MsgId: MMSG-10545]
Action.c(219):     Accept-Ranges: bytes\r\n
Action.c(219):     Content-Length: 806\r\n
Action.c(219):     Keep-Alive: timeout=5, max=100\r\n
Action.c(219):     Connection: Keep-Alive\r\n
Action.c(219):     Content-Type: image/gif\r\n
Action.c(219):     \r\n
Action.c(219): t=352187ms: 806-byte response body for "http://localhost:1080/WebTours/images/bookanother.gif" (RelFrameId=, Internal ID=306)
Action.c(219): t=352188ms: 5-byte chunked response overhead for "http://localhost:1080/cgi-bin/reservations.pl" (RelFrameId=1, Internal ID=305)
Action.c(219):     0\r\n
Action.c(219):     \r\n
Action.c(219): Error -26366: "Text=8am : Flight 00 leaves Denver  for Zuirch" not found for web_reg_find  	[MsgId: MERR-26366]
End auto log messages stack.	[MsgId: MMSG-10544]


Start auto log messages stack - Iteration 9.	[MsgId: MMSG-10545]
Action.c(219):     Accept-Ranges: bytes\r\n
Action.c(219):     Content-Length: 806\r\n
Action.c(219):     Keep-Alive: timeout=5, max=100\r\n
Action.c(219):     Connection: Keep-Alive\r\n
Action.c(219):     Content-Type: image/gif\r\n
Action.c(219):     \r\n
Action.c(219): t=356353ms: 806-byte response body for "http://localhost:1080/WebTours/images/bookanother.gif" (RelFrameId=, Internal ID=306)
Action.c(219): t=356354ms: 5-byte chunked response overhead for "http://localhost:1080/cgi-bin/reservations.pl" (RelFrameId=1, Internal ID=305)
Action.c(219):     0\r\n
Action.c(219):     \r\n
Action.c(219): Error -26366: "Text=8am : Flight 00 leaves Denver  for Zuirch" not found for web_reg_find  	[MsgId: MERR-26366]
End auto log messages stack.	[MsgId: MMSG-10544]


Start auto log messages stack - Iteration 9.	[MsgId: MMSG-10545]
Action.c(219):     Accept-Ranges: bytes\r\n
Action.c(219):     Content-Length: 806\r\n
Action.c(219):     Keep-Alive: timeout=5, max=100\r\n
Action.c(219):     Connection: Keep-Alive\r\n
Action.c(219):     Content-Type: image/gif\r\n
Action.c(219):     \r\n
Action.c(219): t=360170ms: 806-byte response body for "http://localhost:1080/WebTours/images/bookanother.gif" (RelFrameId=, Internal ID=306)
Action.c(219): t=360171ms: 5-byte chunked response overhead for "http://localhost:1080/cgi-bin/reservations.pl" (RelFrameId=1, Internal ID=305)
Action.c(219):     0\r\n
Action.c(219):     \r\n
Action.c(219): Error -26366: "Text=8am : Flight 00 leaves Denver  for Zuirch" not found for web_reg_find  	[MsgId: MERR-26366]
End auto log messages stack.	[MsgId: MMSG-10544]


Start auto log messages stack - Iteration 18.	[MsgId: MMSG-10545]
Action.c(219):     Accept-Ranges: bytes\r\n
Action.c(219):     Content-Length: 806\r\n
Action.c(219):     Keep-Alive: timeout=5, max=100\r\n
Action.c(219):     Connection: Keep-Alive\r\n
Action.c(219):     Content-Type: image/gif\r\n
Action.c(219):     \r\n
Action.c(219): t=744573ms: 806-byte response body for "http://localhost:1080/WebTours/images/bookanother.gif" (RelFrameId=, Internal ID=612)
Action.c(219): t=744574ms: 5-byte chunked response overhead for "http://localhost:1080/cgi-bin/reservations.pl" (RelFrameId=1, Internal ID=611)
Action.c(219):     0\r\n
Action.c(219):     \r\n
Action.c(219): Error -26366: "Text=8am : Flight 10 leaves Frankfurt  for Zuirch" not found for web_reg_find  	[MsgId: MERR-26366]
End auto log messages stack.	[MsgId: MMSG-10544]


Start auto log messages stack - Iteration 18.	[MsgId: MMSG-10545]
Action.c(219):     Accept-Ranges: bytes\r\n
Action.c(219):     Content-Length: 806\r\n
Action.c(219):     Keep-Alive: timeout=5, max=100\r\n
Action.c(219):     Connection: Keep-Alive\r\n
Action.c(219):     Content-Type: image/gif\r\n
Action.c(219):     \r\n
Action.c(219): t=750035ms: 806-byte response body for "http://localhost:1080/WebTours/images/bookanother.gif" (RelFrameId=, Internal ID=612)
Action.c(219): t=750037ms: 5-byte chunked response overhead for "http://localhost:1080/cgi-bin/reservations.pl" (RelFrameId=1, Internal ID=611)
Action.c(219):     0\r\n
Action.c(219):     \r\n
Action.c(219): Error -26366: "Text=8am : Flight 10 leaves Frankfurt  for Zuirch" not found for web_reg_find  	[MsgId: MERR-26366]
End auto log messages stack.	[MsgId: MMSG-10544]


Start auto log messages stack - Iteration 18.	[MsgId: MMSG-10545]
Action.c(219):     Accept-Ranges: bytes\r\n
Action.c(219):     Content-Length: 806\r\n
Action.c(219):     Keep-Alive: timeout=5, max=100\r\n
Action.c(219):     Connection: Keep-Alive\r\n
Action.c(219):     Content-Type: image/gif\r\n
Action.c(219):     \r\n
Action.c(219): t=750049ms: 806-byte response body for "http://localhost:1080/WebTours/images/bookanother.gif" (RelFrameId=, Internal ID=612)
Action.c(219): t=750051ms: 5-byte chunked response overhead for "http://localhost:1080/cgi-bin/reservations.pl" (RelFrameId=1, Internal ID=611)
Action.c(219):     0\r\n
Action.c(219):     \r\n
Action.c(219): Error -26366: "Text=8am : Flight 10 leaves Frankfurt  for Zuirch" not found for web_reg_find  	[MsgId: MERR-26366]
End auto log messages stack.	[MsgId: MMSG-10544]


